<?xml version="1.0" encoding="UTF-8"?>
<!-- Generated by org.testng.reporters.JUnitXMLReporter -->
<testsuite hostname="Fargabs-MacBook-Pro.local" ignored="5" tests="0" failures="0" timestamp="2022-12-14T18:35:50 EST" time="0.014" errors="0">
  <testcase name="postPassengerTestWithFileAsInputStrean" time="0.0" classname="apiPractice.PostApiTest">
    <ignored/>
  </testcase> <!-- postPassengerTestWithFileAsInputStrean -->
  <testcase name="postPassengerTestWithMap" time="0.0" classname="apiPractice.PostApiTest">
    <ignored/>
  </testcase> <!-- postPassengerTestWithMap -->
  <testcase name="postPassengerTestWithFile" time="0.0" classname="apiPractice.PostApiTest">
    <ignored/>
  </testcase> <!-- postPassengerTestWithFile -->
  <testcase name="postPassengerPrettyPrintTest" time="0.0" classname="apiPractice.PostApiTest">
    <ignored/>
  </testcase> <!-- postPassengerPrettyPrintTest -->
  <testcase name="postPassengerTestWithFileAsInputByteArray" time="0.0" classname="apiPractice.PostApiTest">
    <ignored/>
  </testcase> <!-- postPassengerTestWithFileAsInputByteArray -->
</testsuite>
