<?xml version="1.0" encoding="UTF-8"?>
<testng-results skipped="0" failed="0" ignored="5" total="5" passed="0">
  <reporter-output>
  </reporter-output>
  <suite name="Default suite" duration-ms="14" started-at="2022-12-14T18:35:50 EST" finished-at="2022-12-14T18:35:50 EST">
    <groups>
    </groups>
    <test name="Default test" duration-ms="14" started-at="2022-12-14T18:35:50 EST" finished-at="2022-12-14T18:35:50 EST">
    </test> <!-- Default test -->
  </suite> <!-- Default suite -->
</testng-results>
